<?xml version="1.0" encoding="UTF-8"?>
<!-- Generated by org.testng.reporters.JUnitXMLReporter -->
<testsuite ignored="0" hostname="Amar" failures="1" tests="2" name="Test" time="28.774" errors="0" timestamp="2024-05-25T23:23:03 IST">
  <testcase classname="tests.loginTests" name="loginWithInvalidCredentials" time="1.752"/>
  <testcase classname="tests.GetUserDetails" name="getFreeUserDetails" time="13.121">
    <failure type="java.lang.IndexOutOfBoundsException" message="Index 0 out of bounds for length 0">
      <![CDATA[java.lang.IndexOutOfBoundsException: Index 0 out of bounds for length 0
at java.base/jdk.internal.util.Preconditions.outOfBounds(Preconditions.java:64)
at java.base/jdk.internal.util.Preconditions.outOfBoundsCheckIndex(Preconditions.java:70)
at java.base/jdk.internal.util.Preconditions.checkIndex(Preconditions.java:266)
at java.base/java.util.Objects.checkIndex(Objects.java:361)
at java.base/java.util.ArrayList.get(ArrayList.java:427)
at org.openqa.selenium.support.pagefactory.internal.LocatingElementListHandler.invoke(LocatingElementListHandler.java:39)
at jdk.proxy2/jdk.proxy2.$Proxy15.get(Unknown Source)
at pageObjects.DashboardPageObject.getFreeMembers(DashboardPageObject.java:35)
at tests.GetUserDetails.getFreeUserDetails(GetUserDetails.java:23)
at java.base/java.util.ArrayList.forEach(ArrayList.java:1511)
... Removed 31 stack frames]]>
    </failure>
  </testcase> <!-- getFreeUserDetails -->
</testsuite> <!-- Test -->
